=== RUN   TestAllLanguagesComprehensive
=== RUN   TestAllLanguagesComprehensive/Go
    comprehensive_test_base.go:297: Set up test workspace for go at: /tmp/lsp-gateway-e2e-repos1339297478/go-gorilla-mux
    shared_server_manager.go:179: â³ Waiting for shared server to be ready at http://localhost:39003/health...
    shared_server_manager.go:171: âœ… Shared LSP gateway server is ready and serving
    comprehensive_test_base.go:109: ğŸš€ Shared server mode enabled for Go tests
=== RUN   TestAllLanguagesComprehensive/Go/TestAllLSPMethodsSequential
    comprehensive_test_base.go:125: ğŸ”— Test 'TestAllLanguagesComprehensive/Go/TestAllLSPMethodsSequential' connected to shared server on port 39003
    comprehensive_test_base.go:945: Testing Go all LSP methods sequentially
    comprehensive_test_base.go:985:   Testing textDocument/definition...
    comprehensive_test_base.go:1014:   âŒ textDocument/definition failed: request failed: Post "http://localhost:39003/jsonrpc": dial tcp 127.0.0.1:39003: connect: connection refused
    comprehensive_test_base.go:985:   Testing textDocument/references...
    comprehensive_test_base.go:1014:   âŒ textDocument/references failed: request failed: Post "http://localhost:39003/jsonrpc": dial tcp 127.0.0.1:39003: connect: connection refused
    comprehensive_test_base.go:985:   Testing textDocument/hover...
    comprehensive_test_base.go:1014:   âŒ textDocument/hover failed: request failed: Post "http://localhost:39003/jsonrpc": dial tcp 127.0.0.1:39003: connect: connection refused
    comprehensive_test_base.go:1028:   Testing textDocument/documentSymbol...
    comprehensive_test_base.go:1046:   âŒ textDocument/documentSymbol failed: request failed: Post "http://localhost:39003/jsonrpc": dial tcp 127.0.0.1:39003: connect: connection refused
    comprehensive_test_base.go:1060:   Testing workspace/symbol...
    comprehensive_test_base.go:1076:   âŒ workspace/symbol failed: request failed: Post "http://localhost:39003/jsonrpc": dial tcp 127.0.0.1:39003: connect: connection refused
    comprehensive_test_base.go:985:   Testing textDocument/completion...
    comprehensive_test_base.go:1014:   âŒ textDocument/completion failed: request failed: Post "http://localhost:39003/jsonrpc": dial tcp 127.0.0.1:39003: connect: connection refused
    comprehensive_test_base.go:980: âœ… All LSP methods tested sequentially for Go
    comprehensive_test_base.go:149: ğŸ”— Test 'TestAllLanguagesComprehensive/Go/TestAllLSPMethodsSequential' disconnected from shared server
=== RUN   TestAllLanguagesComprehensive/Go/TestCompletionComprehensive
    comprehensive_test_base.go:125: ğŸ”— Test 'TestAllLanguagesComprehensive/Go/TestCompletionComprehensive' connected to shared server on port 39003
    comprehensive_test_base.go:886: Testing Go completion
    comprehensive_test_base.go:901: 
        	Error Trace:	/home/skawn/work/lsp-gateway/tests/e2e/base/comprehensive_test_base.go:901
        	Error:      	Received unexpected error:
        	            	condition not met within timeout 15s
        	Test:       	TestAllLanguagesComprehensive/Go/TestCompletionComprehensive
        	Messages:   	Failed to wait for LSP server to be ready
    comprehensive_test_base.go:149: ğŸ”— Test 'TestAllLanguagesComprehensive/Go/TestCompletionComprehensive' disconnected from shared server
=== RUN   TestAllLanguagesComprehensive/Go/TestComprehensiveServerLifecycle
    comprehensive_test_base.go:125: ğŸ”— Test 'TestAllLanguagesComprehensive/Go/TestComprehensiveServerLifecycle' connected to shared server on port 39003
    comprehensive_test_base.go:597: Testing Go comprehensive server lifecycle
    comprehensive_test_base.go:149: ğŸ”— Test 'TestAllLanguagesComprehensive/Go/TestComprehensiveServerLifecycle' disconnected from shared server
=== RUN   TestAllLanguagesComprehensive/Go/TestDefinitionComprehensive
    comprehensive_test_base.go:125: ğŸ”— Test 'TestAllLanguagesComprehensive/Go/TestDefinitionComprehensive' connected to shared server on port 39003
    comprehensive_test_base.go:609: Testing Go definition
    comprehensive_test_base.go:633: 
        	Error Trace:	/home/skawn/work/lsp-gateway/tests/e2e/base/comprehensive_test_base.go:633
        	Error:      	Received unexpected error:
        	            	request failed: Post "http://localhost:39003/jsonrpc": dial tcp 127.0.0.1:39003: connect: connection refused
        	Test:       	TestAllLanguagesComprehensive/Go/TestDefinitionComprehensive
        	Messages:   	Definition request failed
    comprehensive_test_base.go:149: ğŸ”— Test 'TestAllLanguagesComprehensive/Go/TestDefinitionComprehensive' disconnected from shared server
=== RUN   TestAllLanguagesComprehensive/Go/TestDocumentSymbolComprehensive
    comprehensive_test_base.go:125: ğŸ”— Test 'TestAllLanguagesComprehensive/Go/TestDocumentSymbolComprehensive' connected to shared server on port 39003
    comprehensive_test_base.go:777: Testing Go document symbols
    comprehensive_test_base.go:789: 
        	Error Trace:	/home/skawn/work/lsp-gateway/tests/e2e/base/comprehensive_test_base.go:789
        	Error:      	Received unexpected error:
        	            	condition not met within timeout 15s
        	Test:       	TestAllLanguagesComprehensive/Go/TestDocumentSymbolComprehensive
        	Messages:   	Failed to wait for LSP server to be ready
    comprehensive_test_base.go:149: ğŸ”— Test 'TestAllLanguagesComprehensive/Go/TestDocumentSymbolComprehensive' disconnected from shared server
=== RUN   TestAllLanguagesComprehensive/Go/TestHoverComprehensive
    comprehensive_test_base.go:125: ğŸ”— Test 'TestAllLanguagesComprehensive/Go/TestHoverComprehensive' connected to shared server on port 39003
    comprehensive_test_base.go:715: Testing Go hover - REAL E2E TEST
    comprehensive_test_base.go:728: Testing hover on file: file:///tmp/lsp-gateway-e2e-repos1339297478/go-gorilla-mux/mux.go
    comprehensive_test_base.go:731: Waiting for LSP server to fully initialize...
    comprehensive_test_base.go:734: 
        	Error Trace:	/home/skawn/work/lsp-gateway/tests/e2e/base/comprehensive_test_base.go:734
        	Error:      	Received unexpected error:
        	            	condition not met within timeout 15s
        	Test:       	TestAllLanguagesComprehensive/Go/TestHoverComprehensive
        	Messages:   	Failed to wait for LSP server to be ready
    comprehensive_test_base.go:149: ğŸ”— Test 'TestAllLanguagesComprehensive/Go/TestHoverComprehensive' disconnected from shared server
=== RUN   TestAllLanguagesComprehensive/Go/TestReferencesComprehensive
    comprehensive_test_base.go:125: ğŸ”— Test 'TestAllLanguagesComprehensive/Go/TestReferencesComprehensive' connected to shared server on port 39003
    comprehensive_test_base.go:664: Testing Go references
    comprehensive_test_base.go:679: 
        	Error Trace:	/home/skawn/work/lsp-gateway/tests/e2e/base/comprehensive_test_base.go:679
        	Error:      	Received unexpected error:
        	            	condition not met within timeout 15s
        	Test:       	TestAllLanguagesComprehensive/Go/TestReferencesComprehensive
        	Messages:   	Failed to wait for LSP server to be ready
    comprehensive_test_base.go:149: ğŸ”— Test 'TestAllLanguagesComprehensive/Go/TestReferencesComprehensive' disconnected from shared server
=== RUN   TestAllLanguagesComprehensive/Go/TestWorkspaceSymbolComprehensive
    comprehensive_test_base.go:125: ğŸ”— Test 'TestAllLanguagesComprehensive/Go/TestWorkspaceSymbolComprehensive' connected to shared server on port 39003
    comprehensive_test_base.go:823: Testing Go workspace symbols
    comprehensive_test_base.go:835: 
        	Error Trace:	/home/skawn/work/lsp-gateway/tests/e2e/base/comprehensive_test_base.go:835
        	Error:      	Received unexpected error:
        	            	condition not met within timeout 15s
        	Test:       	TestAllLanguagesComprehensive/Go/TestWorkspaceSymbolComprehensive
        	Messages:   	Failed to wait for LSP server to be ready
    comprehensive_test_base.go:149: ğŸ”— Test 'TestAllLanguagesComprehensive/Go/TestWorkspaceSymbolComprehensive' disconnected from shared server
=== NAME  TestAllLanguagesComprehensive/Go
    comprehensive_test_base.go:196: ğŸ“Š Shared server served 8 total tests for Go
    comprehensive_test_base.go:214: âœ… Test suite completed with perfect cache isolation
=== RUN   TestAllLanguagesComprehensive/Python
    comprehensive_test_base.go:297: Set up test workspace for python at: /tmp/lsp-gateway-e2e-repos1385325307/python-requests
    shared_server_manager.go:179: â³ Waiting for shared server to be ready at http://localhost:35797/health...
    shared_server_manager.go:171: âœ… Shared LSP gateway server is ready and serving
    comprehensive_test_base.go:109: ğŸš€ Shared server mode enabled for Python tests
=== RUN   TestAllLanguagesComprehensive/Python/TestAllLSPMethodsSequential
    comprehensive_test_base.go:125: ğŸ”— Test 'TestAllLanguagesComprehensive/Python/TestAllLSPMethodsSequential' connected to shared server on port 35797
    comprehensive_test_base.go:945: Testing Python all LSP methods sequentially
    comprehensive_test_base.go:985:   Testing textDocument/definition...
    comprehensive_test_base.go:1023:   âœ… textDocument/definition completed
    comprehensive_test_base.go:985:   Testing textDocument/references...
    comprehensive_test_base.go:1023:   âœ… textDocument/references completed
    comprehensive_test_base.go:985:   Testing textDocument/hover...
    comprehensive_test_base.go:1023:   âœ… textDocument/hover completed
    comprehensive_test_base.go:1028:   Testing textDocument/documentSymbol...
    comprehensive_test_base.go:1055:   âœ… textDocument/documentSymbol completed
    comprehensive_test_base.go:1060:   Testing workspace/symbol...
    comprehensive_test_base.go:1085:   âœ… workspace/symbol completed
    comprehensive_test_base.go:985:   Testing textDocument/completion...
    comprehensive_test_base.go:1023:   âœ… textDocument/completion completed
    comprehensive_test_base.go:980: âœ… All LSP methods tested sequentially for Python
    comprehensive_test_base.go:149: ğŸ”— Test 'TestAllLanguagesComprehensive/Python/TestAllLSPMethodsSequential' disconnected from shared server
=== RUN   TestAllLanguagesComprehensive/Python/TestCompletionComprehensive
    comprehensive_test_base.go:125: ğŸ”— Test 'TestAllLanguagesComprehensive/Python/TestCompletionComprehensive' connected to shared server on port 35797
    comprehensive_test_base.go:886: Testing Python completion
    comprehensive_test_base.go:924: âœ… Completion items found: 0 items
    comprehensive_test_base.go:936: âœ… Completion test completed for Python
    comprehensive_test_base.go:149: ğŸ”— Test 'TestAllLanguagesComprehensive/Python/TestCompletionComprehensive' disconnected from shared server
=== RUN   TestAllLanguagesComprehensive/Python/TestComprehensiveServerLifecycle
    comprehensive_test_base.go:125: ğŸ”— Test 'TestAllLanguagesComprehensive/Python/TestComprehensiveServerLifecycle' connected to shared server on port 35797
    comprehensive_test_base.go:597: Testing Python comprehensive server lifecycle
    comprehensive_test_base.go:149: ğŸ”— Test 'TestAllLanguagesComprehensive/Python/TestComprehensiveServerLifecycle' disconnected from shared server
=== RUN   TestAllLanguagesComprehensive/Python/TestDefinitionComprehensive
    comprehensive_test_base.go:125: ğŸ”— Test 'TestAllLanguagesComprehensive/Python/TestDefinitionComprehensive' connected to shared server on port 35797
    comprehensive_test_base.go:609: Testing Python definition
    comprehensive_test_base.go:645: âœ… Definition result: [map[range:map[end:map[character:7 line:61] start:map[character:4 line:61]] uri:file:///tmp/lsp-gateway-e2e-repos1385325307/python-requests/requests/api.py]]
    comprehensive_test_base.go:525: Cache hit rate: 94.41087613293051
    comprehensive_test_base.go:529: Cache entry count: 74
    comprehensive_test_base.go:533: Cache total requests: 1324
    comprehensive_test_base.go:572: âœ… Cache performance validation completed
    comprehensive_test_base.go:653: âœ… Definition test completed for Python
    comprehensive_test_base.go:149: ğŸ”— Test 'TestAllLanguagesComprehensive/Python/TestDefinitionComprehensive' disconnected from shared server
=== RUN   TestAllLanguagesComprehensive/Python/TestDocumentSymbolComprehensive
    comprehensive_test_base.go:125: ğŸ”— Test 'TestAllLanguagesComprehensive/Python/TestDocumentSymbolComprehensive' connected to shared server on port 35797
    comprehensive_test_base.go:777: Testing Python document symbols
    comprehensive_test_base.go:810: âœ… Document symbols found: 10 symbols
    comprehensive_test_base.go:818: âœ… Document symbol test completed for Python
    comprehensive_test_base.go:149: ğŸ”— Test 'TestAllLanguagesComprehensive/Python/TestDocumentSymbolComprehensive' disconnected from shared server
=== RUN   TestAllLanguagesComprehensive/Python/TestHoverComprehensive
    comprehensive_test_base.go:125: ğŸ”— Test 'TestAllLanguagesComprehensive/Python/TestHoverComprehensive' connected to shared server on port 35797
    comprehensive_test_base.go:715: Testing Python hover - REAL E2E TEST
    comprehensive_test_base.go:728: Testing hover on file: file:///tmp/lsp-gateway-e2e-repos1385325307/python-requests/requests/api.py
    comprehensive_test_base.go:731: Waiting for LSP server to fully initialize...
    comprehensive_test_base.go:742: Making hover request at line 61, character 8...
    comprehensive_test_base.go:760: âœ… Hover result: map[contents:]
    comprehensive_test_base.go:766: âœ… Hover test completed successfully for Python
    comprehensive_test_base.go:149: ğŸ”— Test 'TestAllLanguagesComprehensive/Python/TestHoverComprehensive' disconnected from shared server
=== RUN   TestAllLanguagesComprehensive/Python/TestReferencesComprehensive
    comprehensive_test_base.go:125: ğŸ”— Test 'TestAllLanguagesComprehensive/Python/TestReferencesComprehensive' connected to shared server on port 35797
    comprehensive_test_base.go:664: Testing Python references
    comprehensive_test_base.go:699: âœ… References result: [map[range:map[end:map[character:70 line:159] start:map[character:63 line:159]] uri:file:///tmp/lsp-gateway-e2e-repos1385325307/python-requests/requests/__init__.py] map[range:map[end:map[character:11 line:13] start:map[character:4 line:13]] uri:file:///tmp/lsp-gateway-e2e-repos1385325307/python-requests/requests/api.py] map[range:map[end:map[character:18 line:72] start:map[character:11 line:72]] uri:file:///tmp/lsp-gateway-e2e-repos1385325307/python-requests/requests/api.py] map[range:map[end:map[character:18 line:84] start:map[character:11 line:84]] uri:file:///tmp/lsp-gateway-e2e-repos1385325307/python-requests/requests/api.py] map[range:map[end:map[character:18 line:99] start:map[character:11 line:99]] uri:file:///tmp/lsp-gateway-e2e-repos1385325307/python-requests/requests/api.py] map[range:map[end:map[character:18 line:114] start:map[character:11 line:114]] uri:file:///tmp/lsp-gateway-e2e-repos1385325307/python-requests/requests/api.py] map[range:map[end:map[character:18 line:129] start:map[character:11 line:129]] uri:file:///tmp/lsp-gateway-e2e-repos1385325307/python-requests/requests/api.py] map[range:map[end:map[character:18 line:144] start:map[character:11 line:144]] uri:file:///tmp/lsp-gateway-e2e-repos1385325307/python-requests/requests/api.py] map[range:map[end:map[character:18 line:156] start:map[character:11 line:156]] uri:file:///tmp/lsp-gateway-e2e-repos1385325307/python-requests/requests/api.py] map[range:map[end:map[character:32 line:1068] start:map[character:25 line:1068]] uri:file:///tmp/lsp-gateway-e2e-repos1385325307/python-requests/tests/test_requests.py] map[range:map[end:map[character:28 line:2450] start:map[character:21 line:2450]] uri:file:///tmp/lsp-gateway-e2e-repos1385325307/python-requests/tests/test_requests.py]]
    comprehensive_test_base.go:704: âœ… References test completed for Python
    comprehensive_test_base.go:149: ğŸ”— Test 'TestAllLanguagesComprehensive/Python/TestReferencesComprehensive' disconnected from shared server
=== RUN   TestAllLanguagesComprehensive/Python/TestWorkspaceSymbolComprehensive
    comprehensive_test_base.go:125: ğŸ”— Test 'TestAllLanguagesComprehensive/Python/TestWorkspaceSymbolComprehensive' connected to shared server on port 35797
    comprehensive_test_base.go:823: Testing Python workspace symbols
    comprehensive_test_base.go:867: âœ… Workspace symbols found for query 'get': 2 symbols
    comprehensive_test_base.go:875: âœ… Workspace symbol test completed for Python
    comprehensive_test_base.go:149: ğŸ”— Test 'TestAllLanguagesComprehensive/Python/TestWorkspaceSymbolComprehensive' disconnected from shared server
=== NAME  TestAllLanguagesComprehensive/Python
    comprehensive_test_base.go:196: ğŸ“Š Shared server served 8 total tests for Python
    comprehensive_test_base.go:214: âœ… Test suite completed with perfect cache isolation
=== RUN   TestAllLanguagesComprehensive/JavaScript
    comprehensive_test_base.go:297: Set up test workspace for javascript at: /tmp/lsp-gateway-e2e-repos2780056694/javascript-ramda
    shared_server_manager.go:179: â³ Waiting for shared server to be ready at http://localhost:39021/health...
    shared_server_manager.go:171: âœ… Shared LSP gateway server is ready and serving
    comprehensive_test_base.go:109: ğŸš€ Shared server mode enabled for JavaScript tests
=== RUN   TestAllLanguagesComprehensive/JavaScript/TestAllLSPMethodsSequential
    comprehensive_test_base.go:125: ğŸ”— Test 'TestAllLanguagesComprehensive/JavaScript/TestAllLSPMethodsSequential' connected to shared server on port 39021
    comprehensive_test_base.go:945: Testing JavaScript all LSP methods sequentially
    comprehensive_test_base.go:985:   Testing textDocument/definition...
    comprehensive_test_base.go:1023:   âœ… textDocument/definition completed
    comprehensive_test_base.go:985:   Testing textDocument/references...
    comprehensive_test_base.go:1023:   âœ… textDocument/references completed
    comprehensive_test_base.go:985:   Testing textDocument/hover...
    comprehensive_test_base.go:1023:   âœ… textDocument/hover completed
    comprehensive_test_base.go:1028:   Testing textDocument/documentSymbol...
    comprehensive_test_base.go:1055:   âœ… textDocument/documentSymbol completed
    comprehensive_test_base.go:1060:   Testing workspace/symbol...
    comprehensive_test_base.go:1085:   âœ… workspace/symbol completed
    comprehensive_test_base.go:985:   Testing textDocument/completion...
    comprehensive_test_base.go:1023:   âœ… textDocument/completion completed
    comprehensive_test_base.go:980: âœ… All LSP methods tested sequentially for JavaScript
    comprehensive_test_base.go:149: ğŸ”— Test 'TestAllLanguagesComprehensive/JavaScript/TestAllLSPMethodsSequential' disconnected from shared server
=== RUN   TestAllLanguagesComprehensive/JavaScript/TestCompletionComprehensive
    comprehensive_test_base.go:125: ğŸ”— Test 'TestAllLanguagesComprehensive/JavaScript/TestCompletionComprehensive' connected to shared server on port 39021
    comprehensive_test_base.go:886: Testing JavaScript completion
    comprehensive_test_base.go:924: âœ… Completion items found: 84 items
    comprehensive_test_base.go:936: âœ… Completion test completed for JavaScript
    comprehensive_test_base.go:149: ğŸ”— Test 'TestAllLanguagesComprehensive/JavaScript/TestCompletionComprehensive' disconnected from shared server
=== RUN   TestAllLanguagesComprehensive/JavaScript/TestComprehensiveServerLifecycle
    comprehensive_test_base.go:125: ğŸ”— Test 'TestAllLanguagesComprehensive/JavaScript/TestComprehensiveServerLifecycle' connected to shared server on port 39021
    comprehensive_test_base.go:597: Testing JavaScript comprehensive server lifecycle
    comprehensive_test_base.go:149: ğŸ”— Test 'TestAllLanguagesComprehensive/JavaScript/TestComprehensiveServerLifecycle' disconnected from shared server
=== RUN   TestAllLanguagesComprehensive/JavaScript/TestDefinitionComprehensive
    comprehensive_test_base.go:125: ğŸ”— Test 'TestAllLanguagesComprehensive/JavaScript/TestDefinitionComprehensive' connected to shared server on port 39021
    comprehensive_test_base.go:609: Testing JavaScript definition
    comprehensive_test_base.go:645: âœ… Definition result: []
    comprehensive_test_base.go:525: Cache hit rate: 39.658444022770404
    comprehensive_test_base.go:529: Cache entry count: 302
    comprehensive_test_base.go:533: Cache total requests: 527
    comprehensive_test_base.go:572: âœ… Cache performance validation completed
    comprehensive_test_base.go:653: âœ… Definition test completed for JavaScript
    comprehensive_test_base.go:149: ğŸ”— Test 'TestAllLanguagesComprehensive/JavaScript/TestDefinitionComprehensive' disconnected from shared server
=== RUN   TestAllLanguagesComprehensive/JavaScript/TestDocumentSymbolComprehensive
    comprehensive_test_base.go:125: ğŸ”— Test 'TestAllLanguagesComprehensive/JavaScript/TestDocumentSymbolComprehensive' connected to shared server on port 39021
    comprehensive_test_base.go:777: Testing JavaScript document symbols
    comprehensive_test_base.go:810: âœ… Document symbols found: 1 symbols
    comprehensive_test_base.go:818: âœ… Document symbol test completed for JavaScript
    comprehensive_test_base.go:149: ğŸ”— Test 'TestAllLanguagesComprehensive/JavaScript/TestDocumentSymbolComprehensive' disconnected from shared server
=== RUN   TestAllLanguagesComprehensive/JavaScript/TestHoverComprehensive
    comprehensive_test_base.go:125: ğŸ”— Test 'TestAllLanguagesComprehensive/JavaScript/TestHoverComprehensive' connected to shared server on port 39021
    comprehensive_test_base.go:715: Testing JavaScript hover - REAL E2E TEST
    comprehensive_test_base.go:728: Testing hover on file: file:///tmp/lsp-gateway-e2e-repos2780056694/javascript-ramda/source/compose.js
    comprehensive_test_base.go:731: Waiting for LSP server to fully initialize...
    comprehensive_test_base.go:742: Making hover request at line 23, character 28...
    comprehensive_test_base.go:763: âš ï¸ Hover result is null - this may be normal for some positions
    comprehensive_test_base.go:766: âœ… Hover test completed successfully for JavaScript
    comprehensive_test_base.go:149: ğŸ”— Test 'TestAllLanguagesComprehensive/JavaScript/TestHoverComprehensive' disconnected from shared server
=== RUN   TestAllLanguagesComprehensive/JavaScript/TestReferencesComprehensive
    comprehensive_test_base.go:125: ğŸ”— Test 'TestAllLanguagesComprehensive/JavaScript/TestReferencesComprehensive' connected to shared server on port 39021
    comprehensive_test_base.go:664: Testing JavaScript references
    comprehensive_test_base.go:699: âœ… References result: []
    comprehensive_test_base.go:704: âœ… References test completed for JavaScript
    comprehensive_test_base.go:149: ğŸ”— Test 'TestAllLanguagesComprehensive/JavaScript/TestReferencesComprehensive' disconnected from shared server
=== RUN   TestAllLanguagesComprehensive/JavaScript/TestWorkspaceSymbolComprehensive
    comprehensive_test_base.go:125: ğŸ”— Test 'TestAllLanguagesComprehensive/JavaScript/TestWorkspaceSymbolComprehensive' connected to shared server on port 39021
    comprehensive_test_base.go:823: Testing JavaScript workspace symbols
    comprehensive_test_base.go:867: âœ… Workspace symbols found for query 'compose': 9 symbols
    comprehensive_test_base.go:875: âœ… Workspace symbol test completed for JavaScript
    comprehensive_test_base.go:149: ğŸ”— Test 'TestAllLanguagesComprehensive/JavaScript/TestWorkspaceSymbolComprehensive' disconnected from shared server
=== NAME  TestAllLanguagesComprehensive/JavaScript
    comprehensive_test_base.go:196: ğŸ“Š Shared server served 8 total tests for JavaScript
    comprehensive_test_base.go:214: âœ… Test suite completed with perfect cache isolation
=== RUN   TestAllLanguagesComprehensive/TypeScript
    comprehensive_test_base.go:297: Set up test workspace for typescript at: /tmp/lsp-gateway-e2e-repos1110317794/typescript-is
    shared_server_manager.go:179: â³ Waiting for shared server to be ready at http://localhost:37777/health...
    shared_server_manager.go:171: âœ… Shared LSP gateway server is ready and serving
    comprehensive_test_base.go:109: ğŸš€ Shared server mode enabled for TypeScript tests
=== RUN   TestAllLanguagesComprehensive/TypeScript/TestAllLSPMethodsSequential
    comprehensive_test_base.go:125: ğŸ”— Test 'TestAllLanguagesComprehensive/TypeScript/TestAllLSPMethodsSequential' connected to shared server on port 37777
    comprehensive_test_base.go:945: Testing TypeScript all LSP methods sequentially
    comprehensive_test_base.go:985:   Testing textDocument/definition...
    comprehensive_test_base.go:1014:   âŒ textDocument/definition failed: request failed: Post "http://localhost:37777/jsonrpc": dial tcp 127.0.0.1:37777: connect: connection refused
    comprehensive_test_base.go:985:   Testing textDocument/references...
    comprehensive_test_base.go:1014:   âŒ textDocument/references failed: request failed: Post "http://localhost:37777/jsonrpc": dial tcp 127.0.0.1:37777: connect: connection refused
    comprehensive_test_base.go:985:   Testing textDocument/hover...
    comprehensive_test_base.go:1014:   âŒ textDocument/hover failed: request failed: Post "http://localhost:37777/jsonrpc": dial tcp 127.0.0.1:37777: connect: connection refused
    comprehensive_test_base.go:1028:   Testing textDocument/documentSymbol...
    comprehensive_test_base.go:1046:   âŒ textDocument/documentSymbol failed: request failed: Post "http://localhost:37777/jsonrpc": dial tcp 127.0.0.1:37777: connect: connection refused
    comprehensive_test_base.go:1060:   Testing workspace/symbol...
    comprehensive_test_base.go:1076:   âŒ workspace/symbol failed: request failed: Post "http://localhost:37777/jsonrpc": dial tcp 127.0.0.1:37777: connect: connection refused
    comprehensive_test_base.go:985:   Testing textDocument/completion...
    comprehensive_test_base.go:1014:   âŒ textDocument/completion failed: request failed: Post "http://localhost:37777/jsonrpc": dial tcp 127.0.0.1:37777: connect: connection refused
    comprehensive_test_base.go:980: âœ… All LSP methods tested sequentially for TypeScript
    comprehensive_test_base.go:149: ğŸ”— Test 'TestAllLanguagesComprehensive/TypeScript/TestAllLSPMethodsSequential' disconnected from shared server
=== RUN   TestAllLanguagesComprehensive/TypeScript/TestCompletionComprehensive
    comprehensive_test_base.go:125: ğŸ”— Test 'TestAllLanguagesComprehensive/TypeScript/TestCompletionComprehensive' connected to shared server on port 37777
    comprehensive_test_base.go:886: Testing TypeScript completion
    comprehensive_test_base.go:901: 
        	Error Trace:	/home/skawn/work/lsp-gateway/tests/e2e/base/comprehensive_test_base.go:901
        	Error:      	Received unexpected error:
        	            	condition not met within timeout 15s
        	Test:       	TestAllLanguagesComprehensive/TypeScript/TestCompletionComprehensive
        	Messages:   	Failed to wait for LSP server to be ready
    comprehensive_test_base.go:149: ğŸ”— Test 'TestAllLanguagesComprehensive/TypeScript/TestCompletionComprehensive' disconnected from shared server
=== RUN   TestAllLanguagesComprehensive/TypeScript/TestComprehensiveServerLifecycle
    comprehensive_test_base.go:125: ğŸ”— Test 'TestAllLanguagesComprehensive/TypeScript/TestComprehensiveServerLifecycle' connected to shared server on port 37777
    comprehensive_test_base.go:597: Testing TypeScript comprehensive server lifecycle
    comprehensive_test_base.go:149: ğŸ”— Test 'TestAllLanguagesComprehensive/TypeScript/TestComprehensiveServerLifecycle' disconnected from shared server
=== RUN   TestAllLanguagesComprehensive/TypeScript/TestDefinitionComprehensive
    comprehensive_test_base.go:125: ğŸ”— Test 'TestAllLanguagesComprehensive/TypeScript/TestDefinitionComprehensive' connected to shared server on port 37777
    comprehensive_test_base.go:609: Testing TypeScript definition
    comprehensive_test_base.go:633: 
        	Error Trace:	/home/skawn/work/lsp-gateway/tests/e2e/base/comprehensive_test_base.go:633
        	Error:      	Received unexpected error:
        	            	request failed: Post "http://localhost:37777/jsonrpc": dial tcp 127.0.0.1:37777: connect: connection refused
        	Test:       	TestAllLanguagesComprehensive/TypeScript/TestDefinitionComprehensive
        	Messages:   	Definition request failed
    comprehensive_test_base.go:149: ğŸ”— Test 'TestAllLanguagesComprehensive/TypeScript/TestDefinitionComprehensive' disconnected from shared server
=== RUN   TestAllLanguagesComprehensive/TypeScript/TestDocumentSymbolComprehensive
    comprehensive_test_base.go:125: ğŸ”— Test 'TestAllLanguagesComprehensive/TypeScript/TestDocumentSymbolComprehensive' connected to shared server on port 37777
    comprehensive_test_base.go:777: Testing TypeScript document symbols
    comprehensive_test_base.go:789: 
        	Error Trace:	/home/skawn/work/lsp-gateway/tests/e2e/base/comprehensive_test_base.go:789
        	Error:      	Received unexpected error:
        	            	condition not met within timeout 15s
        	Test:       	TestAllLanguagesComprehensive/TypeScript/TestDocumentSymbolComprehensive
        	Messages:   	Failed to wait for LSP server to be ready
    comprehensive_test_base.go:149: ğŸ”— Test 'TestAllLanguagesComprehensive/TypeScript/TestDocumentSymbolComprehensive' disconnected from shared server
=== RUN   TestAllLanguagesComprehensive/TypeScript/TestHoverComprehensive
    comprehensive_test_base.go:125: ğŸ”— Test 'TestAllLanguagesComprehensive/TypeScript/TestHoverComprehensive' connected to shared server on port 37777
    comprehensive_test_base.go:715: Testing TypeScript hover - REAL E2E TEST
    comprehensive_test_base.go:728: Testing hover on file: file:///tmp/lsp-gateway-e2e-repos1110317794/typescript-is/source/index.ts
    comprehensive_test_base.go:731: Waiting for LSP server to fully initialize...
    comprehensive_test_base.go:734: 
        	Error Trace:	/home/skawn/work/lsp-gateway/tests/e2e/base/comprehensive_test_base.go:734
        	Error:      	Received unexpected error:
        	            	condition not met within timeout 15s
        	Test:       	TestAllLanguagesComprehensive/TypeScript/TestHoverComprehensive
        	Messages:   	Failed to wait for LSP server to be ready
    comprehensive_test_base.go:149: ğŸ”— Test 'TestAllLanguagesComprehensive/TypeScript/TestHoverComprehensive' disconnected from shared server
=== RUN   TestAllLanguagesComprehensive/TypeScript/TestReferencesComprehensive
    comprehensive_test_base.go:125: ğŸ”— Test 'TestAllLanguagesComprehensive/TypeScript/TestReferencesComprehensive' connected to shared server on port 37777
    comprehensive_test_base.go:664: Testing TypeScript references
    comprehensive_test_base.go:679: 
        	Error Trace:	/home/skawn/work/lsp-gateway/tests/e2e/base/comprehensive_test_base.go:679
        	Error:      	Received unexpected error:
        	            	condition not met within timeout 15s
        	Test:       	TestAllLanguagesComprehensive/TypeScript/TestReferencesComprehensive
        	Messages:   	Failed to wait for LSP server to be ready
    comprehensive_test_base.go:149: ğŸ”— Test 'TestAllLanguagesComprehensive/TypeScript/TestReferencesComprehensive' disconnected from shared server
=== RUN   TestAllLanguagesComprehensive/TypeScript/TestWorkspaceSymbolComprehensive
    comprehensive_test_base.go:125: ğŸ”— Test 'TestAllLanguagesComprehensive/TypeScript/TestWorkspaceSymbolComprehensive' connected to shared server on port 37777
    comprehensive_test_base.go:823: Testing TypeScript workspace symbols
    comprehensive_test_base.go:835: 
        	Error Trace:	/home/skawn/work/lsp-gateway/tests/e2e/base/comprehensive_test_base.go:835
        	Error:      	Received unexpected error:
        	            	condition not met within timeout 15s
        	Test:       	TestAllLanguagesComprehensive/TypeScript/TestWorkspaceSymbolComprehensive
        	Messages:   	Failed to wait for LSP server to be ready
    comprehensive_test_base.go:149: ğŸ”— Test 'TestAllLanguagesComprehensive/TypeScript/TestWorkspaceSymbolComprehensive' disconnected from shared server
=== NAME  TestAllLanguagesComprehensive/TypeScript
    comprehensive_test_base.go:196: ğŸ“Š Shared server served 8 total tests for TypeScript
    comprehensive_test_base.go:214: âœ… Test suite completed with perfect cache isolation
=== RUN   TestAllLanguagesComprehensive/Java
    comprehensive_test_base.go:297: Set up test workspace for java at: /tmp/lsp-gateway-e2e-repos4135616909/java-spring-petclinic
    shared_server_manager.go:179: â³ Waiting for shared server to be ready at http://localhost:45809/health...
    shared_server_manager.go:171: âœ… Shared LSP gateway server is ready and serving
    comprehensive_test_base.go:109: ğŸš€ Shared server mode enabled for Java tests
=== RUN   TestAllLanguagesComprehensive/Java/TestAllLSPMethodsSequential
    comprehensive_test_base.go:125: ğŸ”— Test 'TestAllLanguagesComprehensive/Java/TestAllLSPMethodsSequential' connected to shared server on port 45809
    comprehensive_test_base.go:945: Testing Java all LSP methods sequentially
    comprehensive_test_base.go:985:   Testing textDocument/definition...
    comprehensive_test_base.go:1023:   âœ… textDocument/definition completed
    comprehensive_test_base.go:985:   Testing textDocument/references...
    comprehensive_test_base.go:1023:   âœ… textDocument/references completed
    comprehensive_test_base.go:985:   Testing textDocument/hover...
    comprehensive_test_base.go:1023:   âœ… textDocument/hover completed
    comprehensive_test_base.go:1028:   Testing textDocument/documentSymbol...
    comprehensive_test_base.go:1055:   âœ… textDocument/documentSymbol completed
    comprehensive_test_base.go:1060:   Testing workspace/symbol...
    comprehensive_test_base.go:1085:   âœ… workspace/symbol completed
    comprehensive_test_base.go:985:   Testing textDocument/completion...
    comprehensive_test_base.go:1023:   âœ… textDocument/completion completed
    comprehensive_test_base.go:980: âœ… All LSP methods tested sequentially for Java
    comprehensive_test_base.go:149: ğŸ”— Test 'TestAllLanguagesComprehensive/Java/TestAllLSPMethodsSequential' disconnected from shared server
=== RUN   TestAllLanguagesComprehensive/Java/TestCompletionComprehensive
    comprehensive_test_base.go:125: ğŸ”— Test 'TestAllLanguagesComprehensive/Java/TestCompletionComprehensive' connected to shared server on port 45809
    comprehensive_test_base.go:886: Testing Java completion
    comprehensive_test_base.go:924: âœ… Completion items found: 0 items
    comprehensive_test_base.go:936: âœ… Completion test completed for Java
    comprehensive_test_base.go:149: ğŸ”— Test 'TestAllLanguagesComprehensive/Java/TestCompletionComprehensive' disconnected from shared server
=== RUN   TestAllLanguagesComprehensive/Java/TestComprehensiveServerLifecycle
    comprehensive_test_base.go:125: ğŸ”— Test 'TestAllLanguagesComprehensive/Java/TestComprehensiveServerLifecycle' connected to shared server on port 45809
    comprehensive_test_base.go:597: Testing Java comprehensive server lifecycle
    comprehensive_test_base.go:149: ğŸ”— Test 'TestAllLanguagesComprehensive/Java/TestComprehensiveServerLifecycle' disconnected from shared server
=== RUN   TestAllLanguagesComprehensive/Java/TestDefinitionComprehensive
    comprehensive_test_base.go:125: ğŸ”— Test 'TestAllLanguagesComprehensive/Java/TestDefinitionComprehensive' connected to shared server on port 45809
    comprehensive_test_base.go:609: Testing Java definition
    comprehensive_test_base.go:645: âœ… Definition result: []
    comprehensive_test_base.go:525: Cache hit rate: 6.521739130434782
    comprehensive_test_base.go:529: Cache entry count: 41
    comprehensive_test_base.go:533: Cache total requests: 46
    comprehensive_test_base.go:572: âœ… Cache performance validation completed
    comprehensive_test_base.go:653: âœ… Definition test completed for Java
    comprehensive_test_base.go:149: ğŸ”— Test 'TestAllLanguagesComprehensive/Java/TestDefinitionComprehensive' disconnected from shared server
=== RUN   TestAllLanguagesComprehensive/Java/TestDocumentSymbolComprehensive
    comprehensive_test_base.go:125: ğŸ”— Test 'TestAllLanguagesComprehensive/Java/TestDocumentSymbolComprehensive' connected to shared server on port 45809
    comprehensive_test_base.go:777: Testing Java document symbols
    comprehensive_test_base.go:810: âœ… Document symbols found: 0 symbols
    comprehensive_test_base.go:818: âœ… Document symbol test completed for Java
    comprehensive_test_base.go:149: ğŸ”— Test 'TestAllLanguagesComprehensive/Java/TestDocumentSymbolComprehensive' disconnected from shared server
=== RUN   TestAllLanguagesComprehensive/Java/TestHoverComprehensive
    comprehensive_test_base.go:125: ğŸ”— Test 'TestAllLanguagesComprehensive/Java/TestHoverComprehensive' connected to shared server on port 45809
    comprehensive_test_base.go:715: Testing Java hover - REAL E2E TEST
    comprehensive_test_base.go:728: Testing hover on file: file:///tmp/lsp-gateway-e2e-repos4135616909/java-spring-petclinic/src/main/java/org/springframework/samples/petclinic/PetClinicApplication.java
    comprehensive_test_base.go:731: Waiting for LSP server to fully initialize...
    comprehensive_test_base.go:742: Making hover request at line 27, character 1...
    comprehensive_test_base.go:760: âœ… Hover result: map[contents:]
    comprehensive_test_base.go:766: âœ… Hover test completed successfully for Java
    comprehensive_test_base.go:149: ğŸ”— Test 'TestAllLanguagesComprehensive/Java/TestHoverComprehensive' disconnected from shared server
=== RUN   TestAllLanguagesComprehensive/Java/TestReferencesComprehensive
    comprehensive_test_base.go:125: ğŸ”— Test 'TestAllLanguagesComprehensive/Java/TestReferencesComprehensive' connected to shared server on port 45809
    comprehensive_test_base.go:664: Testing Java references
    comprehensive_test_base.go:699: âœ… References result: []
    comprehensive_test_base.go:704: âœ… References test completed for Java
    comprehensive_test_base.go:149: ğŸ”— Test 'TestAllLanguagesComprehensive/Java/TestReferencesComprehensive' disconnected from shared server
=== RUN   TestAllLanguagesComprehensive/Java/TestWorkspaceSymbolComprehensive
    comprehensive_test_base.go:125: ğŸ”— Test 'TestAllLanguagesComprehensive/Java/TestWorkspaceSymbolComprehensive' connected to shared server on port 45809
    comprehensive_test_base.go:823: Testing Java workspace symbols
    comprehensive_test_base.go:867: âœ… Workspace symbols found for query 'PetClinicApplication': 2 symbols
    comprehensive_test_base.go:875: âœ… Workspace symbol test completed for Java
    comprehensive_test_base.go:149: ğŸ”— Test 'TestAllLanguagesComprehensive/Java/TestWorkspaceSymbolComprehensive' disconnected from shared server
=== NAME  TestAllLanguagesComprehensive/Java
    comprehensive_test_base.go:196: ğŸ“Š Shared server served 8 total tests for Java
    comprehensive_test_base.go:214: âœ… Test suite completed with perfect cache isolation
=== RUN   TestAllLanguagesComprehensive/Rust
    comprehensive_test_base.go:297: Set up test workspace for rust at: /tmp/lsp-gateway-e2e-repos3343002869/rust-itoa
    shared_server_manager.go:179: â³ Waiting for shared server to be ready at http://localhost:46833/health...
    shared_server_manager.go:171: âœ… Shared LSP gateway server is ready and serving
    comprehensive_test_base.go:109: ğŸš€ Shared server mode enabled for Rust tests
=== RUN   TestAllLanguagesComprehensive/Rust/TestAllLSPMethodsSequential
    comprehensive_test_base.go:125: ğŸ”— Test 'TestAllLanguagesComprehensive/Rust/TestAllLSPMethodsSequential' connected to shared server on port 46833
    comprehensive_test_base.go:945: Testing Rust all LSP methods sequentially
    comprehensive_test_base.go:985:   Testing textDocument/definition...
    comprehensive_test_base.go:1023:   âœ… textDocument/definition completed
    comprehensive_test_base.go:985:   Testing textDocument/references...
    comprehensive_test_base.go:1023:   âœ… textDocument/references completed
    comprehensive_test_base.go:985:   Testing textDocument/hover...
    comprehensive_test_base.go:1023:   âœ… textDocument/hover completed
    comprehensive_test_base.go:1028:   Testing textDocument/documentSymbol...
    comprehensive_test_base.go:1055:   âœ… textDocument/documentSymbol completed
    comprehensive_test_base.go:1060:   Testing workspace/symbol...
    comprehensive_test_base.go:1085:   âœ… workspace/symbol completed
    comprehensive_test_base.go:985:   Testing textDocument/completion...
    comprehensive_test_base.go:1023:   âœ… textDocument/completion completed
    comprehensive_test_base.go:980: âœ… All LSP methods tested sequentially for Rust
    comprehensive_test_base.go:149: ğŸ”— Test 'TestAllLanguagesComprehensive/Rust/TestAllLSPMethodsSequential' disconnected from shared server
=== RUN   TestAllLanguagesComprehensive/Rust/TestCompletionComprehensive
    comprehensive_test_base.go:125: ğŸ”— Test 'TestAllLanguagesComprehensive/Rust/TestCompletionComprehensive' connected to shared server on port 46833
    comprehensive_test_base.go:886: Testing Rust completion
    comprehensive_test_base.go:924: âœ… Completion items found: 133 items
    comprehensive_test_base.go:936: âœ… Completion test completed for Rust
    comprehensive_test_base.go:149: ğŸ”— Test 'TestAllLanguagesComprehensive/Rust/TestCompletionComprehensive' disconnected from shared server
=== RUN   TestAllLanguagesComprehensive/Rust/TestComprehensiveServerLifecycle
    comprehensive_test_base.go:125: ğŸ”— Test 'TestAllLanguagesComprehensive/Rust/TestComprehensiveServerLifecycle' connected to shared server on port 46833
    comprehensive_test_base.go:597: Testing Rust comprehensive server lifecycle
    comprehensive_test_base.go:149: ğŸ”— Test 'TestAllLanguagesComprehensive/Rust/TestComprehensiveServerLifecycle' disconnected from shared server
=== RUN   TestAllLanguagesComprehensive/Rust/TestDefinitionComprehensive
    comprehensive_test_base.go:125: ğŸ”— Test 'TestAllLanguagesComprehensive/Rust/TestDefinitionComprehensive' connected to shared server on port 46833
    comprehensive_test_base.go:609: Testing Rust definition
    comprehensive_test_base.go:645: âœ… Definition result: [map[originSelectionRange:map[end:map[character:17 line:62] start:map[character:11 line:62]] targetRange:map[end:map[character:1 line:64] start:map[character:0 line:52]] targetSelectionRange:map[end:map[character:17 line:62] start:map[character:11 line:62]] targetUri:file:///tmp/lsp-gateway-e2e-repos3343002869/rust-itoa/src/lib.rs]]
    comprehensive_test_base.go:525: Cache hit rate: 16
    comprehensive_test_base.go:529: Cache entry count: 21
    comprehensive_test_base.go:533: Cache total requests: 25
    comprehensive_test_base.go:572: âœ… Cache performance validation completed
    comprehensive_test_base.go:653: âœ… Definition test completed for Rust
    comprehensive_test_base.go:149: ğŸ”— Test 'TestAllLanguagesComprehensive/Rust/TestDefinitionComprehensive' disconnected from shared server
=== RUN   TestAllLanguagesComprehensive/Rust/TestDocumentSymbolComprehensive
    comprehensive_test_base.go:125: ğŸ”— Test 'TestAllLanguagesComprehensive/Rust/TestDocumentSymbolComprehensive' connected to shared server on port 46833
    comprehensive_test_base.go:777: Testing Rust document symbols
    comprehensive_test_base.go:810: âœ… Document symbols found: 12 symbols
    comprehensive_test_base.go:818: âœ… Document symbol test completed for Rust
    comprehensive_test_base.go:149: ğŸ”— Test 'TestAllLanguagesComprehensive/Rust/TestDocumentSymbolComprehensive' disconnected from shared server
=== RUN   TestAllLanguagesComprehensive/Rust/TestHoverComprehensive
    comprehensive_test_base.go:125: ğŸ”— Test 'TestAllLanguagesComprehensive/Rust/TestHoverComprehensive' connected to shared server on port 46833
    comprehensive_test_base.go:715: Testing Rust hover - REAL E2E TEST
    comprehensive_test_base.go:728: Testing hover on file: file:///tmp/lsp-gateway-e2e-repos3343002869/rust-itoa/src/lib.rs
    comprehensive_test_base.go:731: Waiting for LSP server to fully initialize...
    comprehensive_test_base.go:742: Making hover request at line 97, character 11...
    comprehensive_test_base.go:760: âœ… Hover result: map[contents:map[kind:markdown value:
        ```rust
        let
        ```
        
        ---
        
        Bind a value to a variable.
        
        The primary use for the `let` keyword is in `let` statements, which are used to introduce a new
        set of variables into the current scope, as given by a pattern.
        
        ```rust
        let thing1: i32 = 100;
        let thing2 = 200 + thing1;
        
        let mut changing_thing = true;
        changing_thing = false;
        
        let (part1, part2) = ("first", "second");
        
        struct Example {
            a: bool,
            b: u64,
        }
        
        let Example { a, b: _ } = Example {
            a: true,
            b: 10004,
        };
        assert!(a);
        ```
        
        The pattern is most commonly a single variable, which means no pattern matching is done and
        the expression given is bound to the variable. Apart from that, patterns used in `let` bindings
        can be as complicated as needed, given that the pattern is exhaustive. See the [Rust
        book](https://doc.rust-lang.org/stable/book/ch06-02-match.html) for more information on pattern matching. The type of the pattern is optionally
        given afterwards, but if left blank is automatically inferred by the compiler if possible.
        
        Variables in Rust are immutable by default, and require the `mut` keyword to be made mutable.
        
        Multiple variables can be defined with the same name, known as shadowing. This doesn't affect
        the original variable in any way beyond being unable to directly access it beyond the point of
        shadowing. It continues to remain in scope, getting dropped only when it falls out of scope.
        Shadowed variables don't need to have the same type as the variables shadowing them.
        
        ```rust
        let shadowing_example = true;
        let shadowing_example = 123.4;
        let shadowing_example = shadowing_example as u32;
        let mut shadowing_example = format!("cool! {shadowing_example}");
        shadowing_example += " something else!"; // not shadowing
        ```
        
        Other places the `let` keyword is used include along with [`if`](https://doc.rust-lang.org/stable/std/keyword.if.html), in the form of `if let`
        expressions. They're useful if the pattern being matched isn't exhaustive, such as with
        enumerations. `while let` also exists, which runs a loop with a pattern matched value until
        that pattern can't be matched.
        
        For more information on the `let` keyword, see the [Rust book](https://doc.rust-lang.org/stable/book/ch18-01-all-the-places-for-patterns.html#let-statements) or the [Reference](https://doc.rust-lang.org/stable/reference/statements.html#let-statements)] range:map[end:map[character:11 line:97] start:map[character:8 line:97]]]
    comprehensive_test_base.go:766: âœ… Hover test completed successfully for Rust
    comprehensive_test_base.go:149: ğŸ”— Test 'TestAllLanguagesComprehensive/Rust/TestHoverComprehensive' disconnected from shared server
=== RUN   TestAllLanguagesComprehensive/Rust/TestReferencesComprehensive
    comprehensive_test_base.go:125: ğŸ”— Test 'TestAllLanguagesComprehensive/Rust/TestReferencesComprehensive' connected to shared server on port 46833
    comprehensive_test_base.go:664: Testing Rust references
    comprehensive_test_base.go:699: âœ… References result: [map[range:map[end:map[character:23 line:66] start:map[character:17 line:66]] uri:file:///tmp/lsp-gateway-e2e-repos3343002869/rust-itoa/src/lib.rs] map[range:map[end:map[character:26 line:68] start:map[character:20 line:68]] uri:file:///tmp/lsp-gateway-e2e-repos3343002869/rust-itoa/src/lib.rs] map[range:map[end:map[character:14 line:69] start:map[character:8 line:69]] uri:file:///tmp/lsp-gateway-e2e-repos3343002869/rust-itoa/src/lib.rs] map[range:map[end:map[character:20 line:73] start:map[character:14 line:73]] uri:file:///tmp/lsp-gateway-e2e-repos3343002869/rust-itoa/src/lib.rs] map[range:map[end:map[character:21 line:75] start:map[character:15 line:75]] uri:file:///tmp/lsp-gateway-e2e-repos3343002869/rust-itoa/src/lib.rs] map[range:map[end:map[character:14 line:79] start:map[character:8 line:79]] uri:file:///tmp/lsp-gateway-e2e-repos3343002869/rust-itoa/src/lib.rs] map[range:map[end:map[character:11 line:83] start:map[character:5 line:83]] uri:file:///tmp/lsp-gateway-e2e-repos3343002869/rust-itoa/src/lib.rs] map[range:map[end:map[character:26 line:88] start:map[character:20 line:88]] uri:file:///tmp/lsp-gateway-e2e-repos3343002869/rust-itoa/src/lib.rs] map[range:map[end:map[character:14 line:90] start:map[character:8 line:90]] uri:file:///tmp/lsp-gateway-e2e-repos3343002869/rust-itoa/src/lib.rs] map[range:map[end:map[character:27 line:78] start:map[character:23 line:78]] uri:file:///tmp/lsp-gateway-e2e-repos3343002869/rust-itoa/src/lib.rs] map[range:map[end:map[character:17 line:62] start:map[character:11 line:62]] uri:file:///tmp/lsp-gateway-e2e-repos3343002869/rust-itoa/src/lib.rs]]
    comprehensive_test_base.go:704: âœ… References test completed for Rust
    comprehensive_test_base.go:149: ğŸ”— Test 'TestAllLanguagesComprehensive/Rust/TestReferencesComprehensive' disconnected from shared server
=== RUN   TestAllLanguagesComprehensive/Rust/TestWorkspaceSymbolComprehensive
    comprehensive_test_base.go:125: ğŸ”— Test 'TestAllLanguagesComprehensive/Rust/TestWorkspaceSymbolComprehensive' connected to shared server on port 46833
    comprehensive_test_base.go:823: Testing Rust workspace symbols
    comprehensive_test_base.go:867: âœ… Workspace symbols found for query 'Buffer': 16 symbols
    comprehensive_test_base.go:875: âœ… Workspace symbol test completed for Rust
    comprehensive_test_base.go:149: ğŸ”— Test 'TestAllLanguagesComprehensive/Rust/TestWorkspaceSymbolComprehensive' disconnected from shared server
=== NAME  TestAllLanguagesComprehensive/Rust
    comprehensive_test_base.go:196: ğŸ“Š Shared server served 8 total tests for Rust
    comprehensive_test_base.go:214: âœ… Test suite completed with perfect cache isolation
--- FAIL: TestAllLanguagesComprehensive (229.61s)
    --- FAIL: TestAllLanguagesComprehensive/Go (87.77s)
        --- PASS: TestAllLanguagesComprehensive/Go/TestAllLSPMethodsSequential (5.00s)
        --- FAIL: TestAllLanguagesComprehensive/Go/TestCompletionComprehensive (15.00s)
        --- PASS: TestAllLanguagesComprehensive/Go/TestComprehensiveServerLifecycle (0.00s)
        --- FAIL: TestAllLanguagesComprehensive/Go/TestDefinitionComprehensive (5.00s)
        --- FAIL: TestAllLanguagesComprehensive/Go/TestDocumentSymbolComprehensive (15.00s)
        --- FAIL: TestAllLanguagesComprehensive/Go/TestHoverComprehensive (15.00s)
        --- FAIL: TestAllLanguagesComprehensive/Go/TestReferencesComprehensive (15.00s)
        --- FAIL: TestAllLanguagesComprehensive/Go/TestWorkspaceSymbolComprehensive (15.00s)
    --- PASS: TestAllLanguagesComprehensive/Python (14.57s)
        --- PASS: TestAllLanguagesComprehensive/Python/TestAllLSPMethodsSequential (6.05s)
        --- PASS: TestAllLanguagesComprehensive/Python/TestCompletionComprehensive (0.00s)
        --- PASS: TestAllLanguagesComprehensive/Python/TestComprehensiveServerLifecycle (0.00s)
        --- PASS: TestAllLanguagesComprehensive/Python/TestDefinitionComprehensive (5.00s)
        --- PASS: TestAllLanguagesComprehensive/Python/TestDocumentSymbolComprehensive (0.00s)
        --- PASS: TestAllLanguagesComprehensive/Python/TestHoverComprehensive (0.00s)
        --- PASS: TestAllLanguagesComprehensive/Python/TestReferencesComprehensive (0.00s)
        --- PASS: TestAllLanguagesComprehensive/Python/TestWorkspaceSymbolComprehensive (0.00s)
    --- PASS: TestAllLanguagesComprehensive/JavaScript (13.46s)
        --- PASS: TestAllLanguagesComprehensive/JavaScript/TestAllLSPMethodsSequential (5.03s)
        --- PASS: TestAllLanguagesComprehensive/JavaScript/TestCompletionComprehensive (0.00s)
        --- PASS: TestAllLanguagesComprehensive/JavaScript/TestComprehensiveServerLifecycle (0.00s)
        --- PASS: TestAllLanguagesComprehensive/JavaScript/TestDefinitionComprehensive (5.00s)
        --- PASS: TestAllLanguagesComprehensive/JavaScript/TestDocumentSymbolComprehensive (0.00s)
        --- PASS: TestAllLanguagesComprehensive/JavaScript/TestHoverComprehensive (0.00s)
        --- PASS: TestAllLanguagesComprehensive/JavaScript/TestReferencesComprehensive (0.00s)
        --- PASS: TestAllLanguagesComprehensive/JavaScript/TestWorkspaceSymbolComprehensive (0.00s)
    --- FAIL: TestAllLanguagesComprehensive/TypeScript (87.78s)
        --- PASS: TestAllLanguagesComprehensive/TypeScript/TestAllLSPMethodsSequential (5.01s)
        --- FAIL: TestAllLanguagesComprehensive/TypeScript/TestCompletionComprehensive (15.00s)
        --- PASS: TestAllLanguagesComprehensive/TypeScript/TestComprehensiveServerLifecycle (0.00s)
        --- FAIL: TestAllLanguagesComprehensive/TypeScript/TestDefinitionComprehensive (5.00s)
        --- FAIL: TestAllLanguagesComprehensive/TypeScript/TestDocumentSymbolComprehensive (15.00s)
        --- FAIL: TestAllLanguagesComprehensive/TypeScript/TestHoverComprehensive (15.00s)
        --- FAIL: TestAllLanguagesComprehensive/TypeScript/TestReferencesComprehensive (15.00s)
        --- FAIL: TestAllLanguagesComprehensive/TypeScript/TestWorkspaceSymbolComprehensive (15.00s)
    --- PASS: TestAllLanguagesComprehensive/Java (13.26s)
        --- PASS: TestAllLanguagesComprehensive/Java/TestAllLSPMethodsSequential (5.02s)
        --- PASS: TestAllLanguagesComprehensive/Java/TestCompletionComprehensive (0.00s)
        --- PASS: TestAllLanguagesComprehensive/Java/TestComprehensiveServerLifecycle (0.00s)
        --- PASS: TestAllLanguagesComprehensive/Java/TestDefinitionComprehensive (5.00s)
        --- PASS: TestAllLanguagesComprehensive/Java/TestDocumentSymbolComprehensive (0.00s)
        --- PASS: TestAllLanguagesComprehensive/Java/TestHoverComprehensive (0.00s)
        --- PASS: TestAllLanguagesComprehensive/Java/TestReferencesComprehensive (0.00s)
        --- PASS: TestAllLanguagesComprehensive/Java/TestWorkspaceSymbolComprehensive (0.00s)
    --- PASS: TestAllLanguagesComprehensive/Rust (12.77s)
        --- PASS: TestAllLanguagesComprehensive/Rust/TestAllLSPMethodsSequential (5.03s)
        --- PASS: TestAllLanguagesComprehensive/Rust/TestCompletionComprehensive (0.00s)
        --- PASS: TestAllLanguagesComprehensive/Rust/TestComprehensiveServerLifecycle (0.00s)
        --- PASS: TestAllLanguagesComprehensive/Rust/TestDefinitionComprehensive (5.00s)
        --- PASS: TestAllLanguagesComprehensive/Rust/TestDocumentSymbolComprehensive (0.00s)
        --- PASS: TestAllLanguagesComprehensive/Rust/TestHoverComprehensive (0.00s)
        --- PASS: TestAllLanguagesComprehensive/Rust/TestReferencesComprehensive (0.00s)
        --- PASS: TestAllLanguagesComprehensive/Rust/TestWorkspaceSymbolComprehensive (0.00s)
=== RUN   TestHttpConnectionTestSuite
=== RUN   TestHttpConnectionTestSuite/TestBasicConnectionLifecycle
    http_connection_test.go:54: Testing basic connection lifecycle
=== RUN   TestHttpConnectionTestSuite/TestConnectionErrorScenarios
    http_connection_test.go:84: Testing connection error scenarios
=== RUN   TestHttpConnectionTestSuite/TestConnectionPooling
    http_connection_test.go:72: Testing connection pooling
=== RUN   TestHttpConnectionTestSuite/TestConnectionTimeouts
    http_connection_test.go:60: Testing connection timeouts
=== RUN   TestHttpConnectionTestSuite/TestInvalidConnections
    http_connection_test.go:66: Testing invalid connections
=== RUN   TestHttpConnectionTestSuite/TestPerformanceUnderLoad
    http_connection_test.go:90: Testing performance under load
=== RUN   TestHttpConnectionTestSuite/TestServerLifecycleHandling
    http_connection_test.go:78: Testing server lifecycle handling
--- PASS: TestHttpConnectionTestSuite (0.00s)
    --- PASS: TestHttpConnectionTestSuite/TestBasicConnectionLifecycle (0.00s)
    --- PASS: TestHttpConnectionTestSuite/TestConnectionErrorScenarios (0.00s)
    --- PASS: TestHttpConnectionTestSuite/TestConnectionPooling (0.00s)
    --- PASS: TestHttpConnectionTestSuite/TestConnectionTimeouts (0.00s)
    --- PASS: TestHttpConnectionTestSuite/TestInvalidConnections (0.00s)
    --- PASS: TestHttpConnectionTestSuite/TestPerformanceUnderLoad (0.00s)
    --- PASS: TestHttpConnectionTestSuite/TestServerLifecycleHandling (0.00s)
=== RUN   TestRustReferencesSuite
    comprehensive_test_base.go:297: Set up test workspace for rust at: /tmp/lsp-gateway-e2e-repos3366132978/rust-itoa
    shared_server_manager.go:179: â³ Waiting for shared server to be ready at http://localhost:41917/health...
    shared_server_manager.go:171: âœ… Shared LSP gateway server is ready and serving
    comprehensive_test_base.go:109: ğŸš€ Shared server mode enabled for Rust tests
=== RUN   TestRustReferencesSuite/TestAllLSPMethodsSequential
    comprehensive_test_base.go:125: ğŸ”— Test 'TestRustReferencesSuite/TestAllLSPMethodsSequential' connected to shared server on port 41917
    comprehensive_test_base.go:942: Language does not support sequential LSP test
    comprehensive_test_base.go:149: ğŸ”— Test 'TestRustReferencesSuite/TestAllLSPMethodsSequential' disconnected from shared server
=== RUN   TestRustReferencesSuite/TestCompletionComprehensive
    comprehensive_test_base.go:125: ğŸ”— Test 'TestRustReferencesSuite/TestCompletionComprehensive' connected to shared server on port 41917
    comprehensive_test_base.go:886: Testing Rust completion
    comprehensive_test_base.go:924: âœ… Completion items found: 133 items
    comprehensive_test_base.go:936: âœ… Completion test completed for Rust
    comprehensive_test_base.go:149: ğŸ”— Test 'TestRustReferencesSuite/TestCompletionComprehensive' disconnected from shared server
=== RUN   TestRustReferencesSuite/TestComprehensiveServerLifecycle
    comprehensive_test_base.go:125: ğŸ”— Test 'TestRustReferencesSuite/TestComprehensiveServerLifecycle' connected to shared server on port 41917
    comprehensive_test_base.go:597: Testing Rust comprehensive server lifecycle
    comprehensive_test_base.go:149: ğŸ”— Test 'TestRustReferencesSuite/TestComprehensiveServerLifecycle' disconnected from shared server
=== RUN   TestRustReferencesSuite/TestDefinitionComprehensive
    comprehensive_test_base.go:125: ğŸ”— Test 'TestRustReferencesSuite/TestDefinitionComprehensive' connected to shared server on port 41917
    comprehensive_test_base.go:609: Testing Rust definition
    comprehensive_test_base.go:645: âœ… Definition result: [map[originSelectionRange:map[end:map[character:17 line:62] start:map[character:11 line:62]] targetRange:map[end:map[character:1 line:64] start:map[character:0 line:52]] targetSelectionRange:map[end:map[character:17 line:62] start:map[character:11 line:62]] targetUri:file:///tmp/lsp-gateway-e2e-repos3366132978/rust-itoa/src/lib.rs]]
    comprehensive_test_base.go:525: Cache hit rate: 5.263157894736842
    comprehensive_test_base.go:529: Cache entry count: 18
    comprehensive_test_base.go:533: Cache total requests: 19
    comprehensive_test_base.go:572: âœ… Cache performance validation completed
    comprehensive_test_base.go:653: âœ… Definition test completed for Rust
    comprehensive_test_base.go:149: ğŸ”— Test 'TestRustReferencesSuite/TestDefinitionComprehensive' disconnected from shared server
=== RUN   TestRustReferencesSuite/TestDocumentSymbolComprehensive
    comprehensive_test_base.go:125: ğŸ”— Test 'TestRustReferencesSuite/TestDocumentSymbolComprehensive' connected to shared server on port 41917
    comprehensive_test_base.go:777: Testing Rust document symbols
    comprehensive_test_base.go:810: âœ… Document symbols found: 12 symbols
    comprehensive_test_base.go:818: âœ… Document symbol test completed for Rust
    comprehensive_test_base.go:149: ğŸ”— Test 'TestRustReferencesSuite/TestDocumentSymbolComprehensive' disconnected from shared server
=== RUN   TestRustReferencesSuite/TestHoverComprehensive
    comprehensive_test_base.go:125: ğŸ”— Test 'TestRustReferencesSuite/TestHoverComprehensive' connected to shared server on port 41917
    comprehensive_test_base.go:715: Testing Rust hover - REAL E2E TEST
    comprehensive_test_base.go:728: Testing hover on file: file:///tmp/lsp-gateway-e2e-repos3366132978/rust-itoa/src/lib.rs
    comprehensive_test_base.go:731: Waiting for LSP server to fully initialize...
    comprehensive_test_base.go:742: Making hover request at line 97, character 11...
    comprehensive_test_base.go:760: âœ… Hover result: map[contents:map[kind:markdown value:
        ```rust
        let
        ```
        
        ---
        
        Bind a value to a variable.
        
        The primary use for the `let` keyword is in `let` statements, which are used to introduce a new
        set of variables into the current scope, as given by a pattern.
        
        ```rust
        let thing1: i32 = 100;
        let thing2 = 200 + thing1;
        
        let mut changing_thing = true;
        changing_thing = false;
        
        let (part1, part2) = ("first", "second");
        
        struct Example {
            a: bool,
            b: u64,
        }
        
        let Example { a, b: _ } = Example {
            a: true,
            b: 10004,
        };
        assert!(a);
        ```
        
        The pattern is most commonly a single variable, which means no pattern matching is done and
        the expression given is bound to the variable. Apart from that, patterns used in `let` bindings
        can be as complicated as needed, given that the pattern is exhaustive. See the [Rust
        book](https://doc.rust-lang.org/stable/book/ch06-02-match.html) for more information on pattern matching. The type of the pattern is optionally
        given afterwards, but if left blank is automatically inferred by the compiler if possible.
        
        Variables in Rust are immutable by default, and require the `mut` keyword to be made mutable.
        
        Multiple variables can be defined with the same name, known as shadowing. This doesn't affect
        the original variable in any way beyond being unable to directly access it beyond the point of
        shadowing. It continues to remain in scope, getting dropped only when it falls out of scope.
        Shadowed variables don't need to have the same type as the variables shadowing them.
        
        ```rust
        let shadowing_example = true;
        let shadowing_example = 123.4;
        let shadowing_example = shadowing_example as u32;
        let mut shadowing_example = format!("cool! {shadowing_example}");
        shadowing_example += " something else!"; // not shadowing
        ```
        
        Other places the `let` keyword is used include along with [`if`](https://doc.rust-lang.org/stable/std/keyword.if.html), in the form of `if let`
        expressions. They're useful if the pattern being matched isn't exhaustive, such as with
        enumerations. `while let` also exists, which runs a loop with a pattern matched value until
        that pattern can't be matched.
        
        For more information on the `let` keyword, see the [Rust book](https://doc.rust-lang.org/stable/book/ch18-01-all-the-places-for-patterns.html#let-statements) or the [Reference](https://doc.rust-lang.org/stable/reference/statements.html#let-statements)] range:map[end:map[character:11 line:97] start:map[character:8 line:97]]]
    comprehensive_test_base.go:766: âœ… Hover test completed successfully for Rust
    comprehensive_test_base.go:149: ğŸ”— Test 'TestRustReferencesSuite/TestHoverComprehensive' disconnected from shared server
=== RUN   TestRustReferencesSuite/TestReferencesComprehensive
    comprehensive_test_base.go:125: ğŸ”— Test 'TestRustReferencesSuite/TestReferencesComprehensive' connected to shared server on port 41917
    comprehensive_test_base.go:664: Testing Rust references
    comprehensive_test_base.go:699: âœ… References result: [map[range:map[end:map[character:23 line:66] start:map[character:17 line:66]] uri:file:///tmp/lsp-gateway-e2e-repos3366132978/rust-itoa/src/lib.rs] map[range:map[end:map[character:26 line:68] start:map[character:20 line:68]] uri:file:///tmp/lsp-gateway-e2e-repos3366132978/rust-itoa/src/lib.rs] map[range:map[end:map[character:14 line:69] start:map[character:8 line:69]] uri:file:///tmp/lsp-gateway-e2e-repos3366132978/rust-itoa/src/lib.rs] map[range:map[end:map[character:20 line:73] start:map[character:14 line:73]] uri:file:///tmp/lsp-gateway-e2e-repos3366132978/rust-itoa/src/lib.rs] map[range:map[end:map[character:21 line:75] start:map[character:15 line:75]] uri:file:///tmp/lsp-gateway-e2e-repos3366132978/rust-itoa/src/lib.rs] map[range:map[end:map[character:14 line:79] start:map[character:8 line:79]] uri:file:///tmp/lsp-gateway-e2e-repos3366132978/rust-itoa/src/lib.rs] map[range:map[end:map[character:11 line:83] start:map[character:5 line:83]] uri:file:///tmp/lsp-gateway-e2e-repos3366132978/rust-itoa/src/lib.rs] map[range:map[end:map[character:26 line:88] start:map[character:20 line:88]] uri:file:///tmp/lsp-gateway-e2e-repos3366132978/rust-itoa/src/lib.rs] map[range:map[end:map[character:14 line:90] start:map[character:8 line:90]] uri:file:///tmp/lsp-gateway-e2e-repos3366132978/rust-itoa/src/lib.rs] map[range:map[end:map[character:27 line:78] start:map[character:23 line:78]] uri:file:///tmp/lsp-gateway-e2e-repos3366132978/rust-itoa/src/lib.rs] map[range:map[end:map[character:17 line:62] start:map[character:11 line:62]] uri:file:///tmp/lsp-gateway-e2e-repos3366132978/rust-itoa/src/lib.rs]]
    comprehensive_test_base.go:704: âœ… References test completed for Rust
    comprehensive_test_base.go:149: ğŸ”— Test 'TestRustReferencesSuite/TestReferencesComprehensive' disconnected from shared server
=== RUN   TestRustReferencesSuite/TestRustLSPReferences
    comprehensive_test_base.go:125: ğŸ”— Test 'TestRustReferencesSuite/TestRustLSPReferences' connected to shared server on port 41917
    comprehensive_test_base.go:664: Testing Rust references
    comprehensive_test_base.go:699: âœ… References result: [map[range:map[end:map[character:23 line:66] start:map[character:17 line:66]] uri:file:///tmp/lsp-gateway-e2e-repos3366132978/rust-itoa/src/lib.rs] map[range:map[end:map[character:26 line:68] start:map[character:20 line:68]] uri:file:///tmp/lsp-gateway-e2e-repos3366132978/rust-itoa/src/lib.rs] map[range:map[end:map[character:14 line:69] start:map[character:8 line:69]] uri:file:///tmp/lsp-gateway-e2e-repos3366132978/rust-itoa/src/lib.rs] map[range:map[end:map[character:20 line:73] start:map[character:14 line:73]] uri:file:///tmp/lsp-gateway-e2e-repos3366132978/rust-itoa/src/lib.rs] map[range:map[end:map[character:21 line:75] start:map[character:15 line:75]] uri:file:///tmp/lsp-gateway-e2e-repos3366132978/rust-itoa/src/lib.rs] map[range:map[end:map[character:14 line:79] start:map[character:8 line:79]] uri:file:///tmp/lsp-gateway-e2e-repos3366132978/rust-itoa/src/lib.rs] map[range:map[end:map[character:11 line:83] start:map[character:5 line:83]] uri:file:///tmp/lsp-gateway-e2e-repos3366132978/rust-itoa/src/lib.rs] map[range:map[end:map[character:26 line:88] start:map[character:20 line:88]] uri:file:///tmp/lsp-gateway-e2e-repos3366132978/rust-itoa/src/lib.rs] map[range:map[end:map[character:14 line:90] start:map[character:8 line:90]] uri:file:///tmp/lsp-gateway-e2e-repos3366132978/rust-itoa/src/lib.rs] map[range:map[end:map[character:27 line:78] start:map[character:23 line:78]] uri:file:///tmp/lsp-gateway-e2e-repos3366132978/rust-itoa/src/lib.rs] map[range:map[end:map[character:17 line:62] start:map[character:11 line:62]] uri:file:///tmp/lsp-gateway-e2e-repos3366132978/rust-itoa/src/lib.rs]]
    comprehensive_test_base.go:704: âœ… References test completed for Rust
    comprehensive_test_base.go:149: ğŸ”— Test 'TestRustReferencesSuite/TestRustLSPReferences' disconnected from shared server
=== RUN   TestRustReferencesSuite/TestWorkspaceSymbolComprehensive
    comprehensive_test_base.go:125: ğŸ”— Test 'TestRustReferencesSuite/TestWorkspaceSymbolComprehensive' connected to shared server on port 41917
    comprehensive_test_base.go:823: Testing Rust workspace symbols
    comprehensive_test_base.go:867: âœ… Workspace symbols found for query 'Buffer': 16 symbols
    comprehensive_test_base.go:875: âœ… Workspace symbol test completed for Rust
    comprehensive_test_base.go:149: ğŸ”— Test 'TestRustReferencesSuite/TestWorkspaceSymbolComprehensive' disconnected from shared server
=== NAME  TestRustReferencesSuite
    comprehensive_test_base.go:196: ğŸ“Š Shared server served 9 total tests for Rust
    comprehensive_test_base.go:214: âœ… Test suite completed with perfect cache isolation
--- PASS: TestRustReferencesSuite (8.16s)
    --- SKIP: TestRustReferencesSuite/TestAllLSPMethodsSequential (0.00s)
    --- PASS: TestRustReferencesSuite/TestCompletionComprehensive (0.41s)
    --- PASS: TestRustReferencesSuite/TestComprehensiveServerLifecycle (0.00s)
    --- PASS: TestRustReferencesSuite/TestDefinitionComprehensive (5.01s)
    --- PASS: TestRustReferencesSuite/TestDocumentSymbolComprehensive (0.00s)
    --- PASS: TestRustReferencesSuite/TestHoverComprehensive (0.01s)
    --- PASS: TestRustReferencesSuite/TestReferencesComprehensive (0.00s)
    --- PASS: TestRustReferencesSuite/TestRustLSPReferences (0.00s)
    --- PASS: TestRustReferencesSuite/TestWorkspaceSymbolComprehensive (0.01s)
=== RUN   TestSCIPCacheE2ETestSuite
=== RUN   TestSCIPCacheE2ETestSuite/TestCacheConcurrency
2025/08/11 12:19:04 [INFO] LSP: Starting SCIP cache
2025/08/11 12:19:04 [INFO] LSP: SCIP cache started successfully
2025/08/11 12:19:04 [INFO] LSP: Started LSP server process for go: PID 1985203
2025/08/11 12:19:06 [WARN] LSP: No matching request found for response: id=go-5
=== RUN   TestSCIPCacheE2ETestSuite/TestCacheInvalidation
2025/08/11 12:19:06 [WARN] LSP: [loadFromDisk] NewLSPManager NOT found in symbolNameIndex!
2025/08/11 12:19:06 [INFO] LSP: Starting SCIP cache
2025/08/11 12:19:06 [INFO] LSP: SCIP cache started successfully
2025/08/11 12:19:06 [INFO] LSP: Started LSP server process for go: PID 1985463
2025/08/11 12:19:07 [WARN] LSP: No matching request found for response: id=go-4
=== RUN   TestSCIPCacheE2ETestSuite/TestCacheStoreAndRetrieve
2025/08/11 12:19:07 [WARN] LSP: [loadFromDisk] NewLSPManager NOT found in symbolNameIndex!
2025/08/11 12:19:07 [INFO] LSP: Starting SCIP cache
2025/08/11 12:19:07 [INFO] LSP: SCIP cache started successfully
2025/08/11 12:19:07 [INFO] LSP: Started LSP server process for go: PID 1985728
2025/08/11 12:19:08 [WARN] LSP: No matching request found for response: id=go-3
=== RUN   TestSCIPCacheE2ETestSuite/TestMultiFileCache
2025/08/11 12:19:08 [WARN] LSP: [loadFromDisk] NewLSPManager NOT found in symbolNameIndex!
2025/08/11 12:19:08 [INFO] LSP: Starting SCIP cache
2025/08/11 12:19:08 [INFO] LSP: SCIP cache started successfully
2025/08/11 12:19:08 [INFO] LSP: Started LSP server process for go: PID 1986059
2025/08/11 12:19:10 [WARN] LSP: No matching request found for response: id=go-5
=== RUN   TestSCIPCacheE2ETestSuite/TestWorkspaceSymbolCache
2025/08/11 12:19:10 [WARN] LSP: [loadFromDisk] NewLSPManager NOT found in symbolNameIndex!
2025/08/11 12:19:10 [INFO] LSP: Starting SCIP cache
2025/08/11 12:19:10 [INFO] LSP: SCIP cache started successfully
2025/08/11 12:19:10 [INFO] LSP: Started LSP server process for go: PID 1986518
2025/08/11 12:19:12 [WARN] LSP: No matching request found for response: id=go-4
--- PASS: TestSCIPCacheE2ETestSuite (7.46s)
    --- PASS: TestSCIPCacheE2ETestSuite/TestCacheConcurrency (1.45s)
    --- PASS: TestSCIPCacheE2ETestSuite/TestCacheInvalidation (1.36s)
    --- PASS: TestSCIPCacheE2ETestSuite/TestCacheStoreAndRetrieve (1.36s)
    --- PASS: TestSCIPCacheE2ETestSuite/TestMultiFileCache (1.92s)
    --- PASS: TestSCIPCacheE2ETestSuite/TestWorkspaceSymbolCache (1.37s)
=== RUN   TestSCIPIndexAndFindReferences
=== RUN   TestSCIPIndexAndFindReferences/go
2025/08/11 12:19:12 [INFO] LSP: Starting SCIP cache
2025/08/11 12:19:12 [INFO] LSP: SCIP cache started successfully
2025/08/11 12:19:12 [INFO] LSP: Started LSP server process for go: PID 1986797
=== RUN   TestSCIPIndexAndFindReferences/go/IndexDocumentSymbols
    scip_references_test.go:101: Successfully indexed symbols from mux.go
=== RUN   TestSCIPIndexAndFindReferences/go/IndexWorkspaceSymbols
    scip_references_test.go:116: Successfully indexed workspace symbols
=== RUN   TestSCIPIndexAndFindReferences/go/SearchReferences
    scip_references_test.go:146: Found 100 references for Router
    scip_references_test.go:151:   Reference 1: bench_test.go:13:15 (Definition: false, Read: true, Write: false)
    scip_references_test.go:151:   Reference 2: bench_test.go:24:15 (Definition: false, Read: true, Write: false)
    scip_references_test.go:151:   Reference 3: bench_test.go:37:15 (Definition: false, Read: true, Write: false)
    scip_references_test.go:162:   Found 129 read accesses
=== RUN   TestSCIPIndexAndFindReferences/go/SearchReferencesWithFilePattern
    scip_references_test.go:201: Found 10 references for Router with pattern **/*.go
=== RUN   TestSCIPIndexAndFindReferences/go/CacheStats
    scip_references_test.go:212: SCIP Index Stats: &{DocumentCount:48 SymbolCount:190 ReferenceCount:189 IndexSize:18900 LastUpdate:2025-08-11 12:19:16.226305452 +0900 KST m=+249.279509891 LanguageStats:map[go:178] IndexedLanguages:[go] Status:active}
2025/08/11 12:19:16 [WARN] LSP: No matching request found for response: id=go-10
=== RUN   TestSCIPIndexAndFindReferences/python
2025/08/11 12:19:18 [INFO] LSP: Starting SCIP cache
2025/08/11 12:19:18 [INFO] LSP: SCIP cache started successfully
2025/08/11 12:19:18 [INFO] LSP: Started LSP server process for python: PID 1987189
=== RUN   TestSCIPIndexAndFindReferences/python/IndexDocumentSymbols
    scip_references_test.go:101: Successfully indexed symbols from api.py
=== RUN   TestSCIPIndexAndFindReferences/python/IndexWorkspaceSymbols
    scip_references_test.go:114: Warning: Failed to get workspace symbols: no LSP servers support workspace/symbol. Unsupported servers: [python]. Ensure 'pylsp' is installed via 'pip install python-lsp-server' for better workspace symbol support.
=== RUN   TestSCIPIndexAndFindReferences/python/SearchReferences
    scip_references_test.go:144: Warning: No references found for get (might not be indexed yet)
=== RUN   TestSCIPIndexAndFindReferences/python/SearchReferencesWithFilePattern
    scip_references_test.go:201: Found 0 references for get with pattern **/*.py
=== RUN   TestSCIPIndexAndFindReferences/python/CacheStats
    scip_references_test.go:212: SCIP Index Stats: &{DocumentCount:49 SymbolCount:190 ReferenceCount:199 IndexSize:19900 LastUpdate:2025-08-11 12:19:21.379615787 +0900 KST m=+254.432820225 LanguageStats:map[python:10] IndexedLanguages:[python] Status:active}
2025/08/11 12:19:21 [WARN] LSP: No matching request found for response: id=python-4
=== RUN   TestSCIPIndexAndFindReferences/javascript
2025/08/11 12:19:23 [INFO] LSP: Starting SCIP cache
2025/08/11 12:19:23 [INFO] LSP: SCIP cache started successfully
2025/08/11 12:19:23 [INFO] LSP: Started LSP server process for javascript: PID 1987561
=== RUN   TestSCIPIndexAndFindReferences/javascript/IndexDocumentSymbols
    scip_references_test.go:101: Successfully indexed symbols from compose.js
=== RUN   TestSCIPIndexAndFindReferences/javascript/IndexWorkspaceSymbols
    scip_references_test.go:116: Successfully indexed workspace symbols
=== RUN   TestSCIPIndexAndFindReferences/javascript/SearchReferences
    scip_references_test.go:146: Found 2 references for compose
    scip_references_test.go:151:   Reference 1: compose.js:29:0 (Definition: false, Read: true, Write: false)
    scip_references_test.go:151:   Reference 2: compose.js:29:24 (Definition: false, Read: true, Write: false)
    scip_references_test.go:162:   Found 1 read accesses
=== RUN   TestSCIPIndexAndFindReferences/javascript/SearchReferencesWithFilePattern
    scip_references_test.go:201: Found 2 references for compose with pattern **/*.js
=== RUN   TestSCIPIndexAndFindReferences/javascript/CacheStats
    scip_references_test.go:212: SCIP Index Stats: &{DocumentCount:50 SymbolCount:190 ReferenceCount:200 IndexSize:20000 LastUpdate:2025-08-11 12:19:25.562899316 +0900 KST m=+258.616103759 LanguageStats:map[javascript:2] IndexedLanguages:[javascript] Status:active}
2025/08/11 12:19:25 [WARN] LSP: No matching request found for response: id=javascript-6
=== RUN   TestSCIPIndexAndFindReferences/typescript
2025/08/11 12:19:26 [INFO] LSP: Starting SCIP cache
2025/08/11 12:19:26 [INFO] LSP: SCIP cache started successfully
2025/08/11 12:19:26 [INFO] LSP: Started LSP server process for typescript: PID 1987644
=== RUN   TestSCIPIndexAndFindReferences/typescript/IndexDocumentSymbols
    scip_references_test.go:101: Successfully indexed symbols from index.ts
=== RUN   TestSCIPIndexAndFindReferences/typescript/IndexWorkspaceSymbols
    scip_references_test.go:116: Successfully indexed workspace symbols
=== RUN   TestSCIPIndexAndFindReferences/typescript/SearchReferences
    scip_references_test.go:146: Found 100 references for is
    scip_references_test.go:151:   Reference 1: index.ts:88:46 (Definition: false, Read: true, Write: false)
    scip_references_test.go:151:   Reference 2: index.ts:101:0 (Definition: false, Read: true, Write: false)
    scip_references_test.go:151:   Reference 3: index.ts:101:9 (Definition: false, Read: true, Write: false)
    scip_references_test.go:162:   Found 275 read accesses
=== RUN   TestSCIPIndexAndFindReferences/typescript/SearchReferencesWithFilePattern
    scip_references_test.go:201: Found 10 references for is with pattern **/*.ts
=== RUN   TestSCIPIndexAndFindReferences/typescript/CacheStats
    scip_references_test.go:212: SCIP Index Stats: &{DocumentCount:51 SymbolCount:190 ReferenceCount:229 IndexSize:22900 LastUpdate:2025-08-11 12:19:29.010239917 +0900 KST m=+262.063444362 LanguageStats:map[typescript:317] IndexedLanguages:[typescript] Status:active}
2025/08/11 12:19:29 [WARN] LSP: No matching request found for response: id=typescript-10
=== RUN   TestSCIPIndexAndFindReferences/rust
2025/08/11 12:19:29 [INFO] LSP: Starting SCIP cache
2025/08/11 12:19:29 [INFO] LSP: SCIP cache started successfully
2025/08/11 12:19:29 [INFO] LSP: Started LSP server process for rust: PID 1988022
2025/08/11 12:19:29 [INFO] LSP: rust-analyzer capabilities: {"capabilities":{"callHierarchyProvider":true,"codeActionProvider":{"codeActionKinds":["","quickfix","refactor","refactor.extract","refactor.inline","refactor.rewrite"],"resolveProvider":true},"codeLensProvider":{"resolveProvider":true},"completionProvider":{"completionItem":{"labelDetailsSupport":false},"resolveProvider":false,"triggerCharacters":[":",".","'","("]},"declarationProvider":true,"definitionProvider":true,"diagnosticProvider":{"identifier":"rust-analyzer","interFileDependencies":true,"workspaceDiagnostics":false},"documentFormattingProvider":true,"documentHighlightProvider":true,"documentOnTypeFormattingProvider":{"firstTriggerCharacter":".","moreTriggerCharacter":["=","\u003c","\u003e","{","(","|"]},"documentRangeFormattingProvider":false,"documentSymbolProvider":true,"experimental":{"childModules":true,"externalDocs":true,"hoverRange":true,"joinLines":true,"matchingBrace":true,"moveItem":true,"onEnter":true,"openCargoToml":true,"parentModule":true,"runnables":{"kinds":["cargo"]},"ssr":true,"workspaceSymbolScopeKindFiltering":true},"foldingRangeProvider":true,"hoverProvider":true,"implementationProvider":true,"inlayHintProvider":{"resolveProvider":false},"positionEncoding":"utf-16","referencesProvider":true,"renameProvider":{"prepareProvider":true},"selectionRangeProvider":true,"semanticTokensProvider":{"full":{"delta":true},"legend":{"tokenModifiers":["async","documentation","declaration","static","defaultLibrary","associated","attribute","callable","constant","consuming","controlFlow","crateRoot","injected","intraDocLink","library","macro","mutable","procMacro","public","reference","trait","unsafe"],"tokenTypes":["comment","decorator","enumMember","enum","function","interface","keyword","macro","method","namespace","number","operator","parameter","property","string","struct","typeParameter","variable","type","angle","arithmetic","attributeBracket","attribute","bitwise","boolean","brace","bracket","builtinAttribute","builtinType","character","colon","comma","comparison","constParameter","const","deriveHelper","derive","dot","escapeSequence","formatSpecifier","generic","invalidEscapeSequence","label","lifetime","logical","macroBang","parenthesis","procMacro","punctuation","selfKeyword","selfTypeKeyword","semicolon","static","toolModule","typeAlias","union","unresolvedReference"]},"range":true},"signatureHelpProvider":{"triggerCharacters":["(",",","\u003c"]},"textDocumentSync":{"change":2,"openClose":true,"save":{}},"typeDefinitionProvider":true,"workspace":{"fileOperations":{"willRename":{"filters":[{"pattern":{"glob":"**/*.rs","matches":"file"},"scheme":"file"},{"pattern":{"glob":"**","matches":"folder"},"scheme":"file"}]}},"workspaceFolders":{"changeNotifications":true,"supported":true}},"workspaceSymbolProvider":true},"serverInfo":{"name":"rust-analyzer","version":"1.89.0 (2948388 2025-08-04)"}}
=== RUN   TestSCIPIndexAndFindReferences/rust/IndexDocumentSymbols
    scip_references_test.go:101: Successfully indexed symbols from lib.rs
=== RUN   TestSCIPIndexAndFindReferences/rust/IndexWorkspaceSymbols
    scip_references_test.go:116: Successfully indexed workspace symbols
=== RUN   TestSCIPIndexAndFindReferences/rust/SearchReferences
    scip_references_test.go:146: Found 12 references for Buffer
    scip_references_test.go:151:   Reference 1: lib.rs:99:48 (Definition: false, Read: true, Write: false)
    scip_references_test.go:151:   Reference 2: lib.rs:122:13 (Definition: false, Read: true, Write: false)
    scip_references_test.go:151:   Reference 3: lib.rs:123:39 (Definition: false, Read: true, Write: false)
    scip_references_test.go:162:   Found 39 read accesses
=== RUN   TestSCIPIndexAndFindReferences/rust/SearchReferencesWithFilePattern
    scip_references_test.go:201: Found 10 references for Buffer with pattern **/*.rs
=== RUN   TestSCIPIndexAndFindReferences/rust/CacheStats
    scip_references_test.go:212: SCIP Index Stats: &{DocumentCount:52 SymbolCount:190 ReferenceCount:238 IndexSize:23800 LastUpdate:2025-08-11 12:19:32.704425363 +0900 KST m=+265.757629799 LanguageStats:map[rust:50] IndexedLanguages:[rust] Status:active}
2025/08/11 12:19:32 [WARN] LSP: No matching request found for response: id=rust-10
--- PASS: TestSCIPIndexAndFindReferences (20.75s)
    --- PASS: TestSCIPIndexAndFindReferences/go (4.72s)
        --- PASS: TestSCIPIndexAndFindReferences/go/IndexDocumentSymbols (0.40s)
        --- PASS: TestSCIPIndexAndFindReferences/go/IndexWorkspaceSymbols (0.00s)
        --- PASS: TestSCIPIndexAndFindReferences/go/SearchReferences (0.84s)
        --- PASS: TestSCIPIndexAndFindReferences/go/SearchReferencesWithFilePattern (0.00s)
        --- PASS: TestSCIPIndexAndFindReferences/go/CacheStats (0.00s)
    --- PASS: TestSCIPIndexAndFindReferences/python (4.59s)
        --- PASS: TestSCIPIndexAndFindReferences/python/IndexDocumentSymbols (0.53s)
        --- PASS: TestSCIPIndexAndFindReferences/python/IndexWorkspaceSymbols (0.00s)
        --- PASS: TestSCIPIndexAndFindReferences/python/SearchReferences (0.00s)
        --- PASS: TestSCIPIndexAndFindReferences/python/SearchReferencesWithFilePattern (0.00s)
        --- PASS: TestSCIPIndexAndFindReferences/python/CacheStats (0.00s)
    --- PASS: TestSCIPIndexAndFindReferences/javascript (4.10s)
        --- PASS: TestSCIPIndexAndFindReferences/javascript/IndexDocumentSymbols (0.41s)
        --- PASS: TestSCIPIndexAndFindReferences/javascript/IndexWorkspaceSymbols (0.00s)
        --- PASS: TestSCIPIndexAndFindReferences/javascript/SearchReferences (0.01s)
        --- PASS: TestSCIPIndexAndFindReferences/javascript/SearchReferencesWithFilePattern (0.00s)
        --- PASS: TestSCIPIndexAndFindReferences/javascript/CacheStats (0.00s)
    --- PASS: TestSCIPIndexAndFindReferences/typescript (3.45s)
        --- PASS: TestSCIPIndexAndFindReferences/typescript/IndexDocumentSymbols (0.43s)
        --- PASS: TestSCIPIndexAndFindReferences/typescript/IndexWorkspaceSymbols (0.01s)
        --- PASS: TestSCIPIndexAndFindReferences/typescript/SearchReferences (0.03s)
        --- PASS: TestSCIPIndexAndFindReferences/typescript/SearchReferencesWithFilePattern (0.14s)
        --- PASS: TestSCIPIndexAndFindReferences/typescript/CacheStats (0.00s)
    --- PASS: TestSCIPIndexAndFindReferences/rust (3.88s)
        --- PASS: TestSCIPIndexAndFindReferences/rust/IndexDocumentSymbols (0.40s)
        --- PASS: TestSCIPIndexAndFindReferences/rust/IndexWorkspaceSymbols (0.00s)
        --- PASS: TestSCIPIndexAndFindReferences/rust/SearchReferences (0.47s)
        --- PASS: TestSCIPIndexAndFindReferences/rust/SearchReferencesWithFilePattern (0.00s)
        --- PASS: TestSCIPIndexAndFindReferences/rust/CacheStats (0.00s)
FAIL
FAIL	lsp-gateway/tests/e2e	265.983s
FAIL
